#
# A fatal error has been detected by the Java Runtime Environment:
#
#  Internal Error (javaCalls.cpp:51), pid=2612, tid=1964
#  guarantee(thread->is_Java_thread()) failed: crucial check - the VM thread cannot and must not escape to Java code
#
# JRE version: Java(TM) SE Runtime Environment (8.0_60-b27) (build 1.8.0_60-b27)
# Java VM: Java HotSpot(TM) 64-Bit Server VM (25.60-b23 mixed mode windows-amd64 compressed oops)
# Failed to write core dump. Minidumps are not enabled by default on client versions of Windows
#
# If you would like to submit a bug report, please visit:
#   http://bugreport.java.com/bugreport/crash.jsp
#

---------------  T H R E A D  ---------------

Current thread (0x0000000015ab7800):  VMThread [stack: 0x0000000016530000,0x0000000016630000] [id=1964]

Stack: [0x0000000016530000,0x0000000016630000]
[error occurred during error reporting (printing stack bounds), id 0xc0000005]

Native frames: (J=compiled Java code, j=interpreted, Vv=VM code, C=native code)

VM_Operation (0x0000000016f7f670): GetOrSetLocal, mode: safepoint, requested by thread 0x0000000015aee800


---------------  P R O C E S S  ---------------

Java Threads: ( => current thread )
  0x0000000017578000 JavaThread "AWT-Windows" daemon [_thread_in_native, id=13288, stack(0x00000000184e0000,0x00000000185e0000)]
  0x0000000017574000 JavaThread "Java2D Disposer" daemon [_thread_blocked, id=10500, stack(0x00000000182e0000,0x00000000183e0000)]
  0x0000000017222000 JavaThread "Service Thread" daemon [_thread_blocked, id=12948, stack(0x0000000017780000,0x0000000017880000)]
  0x00000000171cc800 JavaThread "C1 CompilerThread1" daemon [_thread_blocked, id=16180, stack(0x0000000017680000,0x0000000017780000)]
  0x00000000171cb000 JavaThread "C2 CompilerThread0" daemon [_thread_blocked, id=13976, stack(0x0000000017580000,0x0000000017680000)]
  0x0000000015b02800 JavaThread "JDWP Command Reader" daemon [_thread_in_native, id=11004, stack(0x0000000017080000,0x0000000017180000)]
  0x0000000015aff000 JavaThread "JDWP Event Helper Thread" daemon [_thread_blocked, id=6240, stack(0x0000000016f80000,0x0000000017080000)]
  0x0000000015aee800 JavaThread "JDWP Transport Listener: dt_socket" daemon [_thread_blocked, id=13108, stack(0x0000000016e80000,0x0000000016f80000)]
  0x0000000015aeb000 JavaThread "Attach Listener" daemon [_thread_blocked, id=5444, stack(0x0000000016a40000,0x0000000016b40000)]
  0x0000000015aea800 JavaThread "Signal Dispatcher" daemon [_thread_blocked, id=3044, stack(0x0000000016940000,0x0000000016a40000)]
  0x0000000002605000 JavaThread "Finalizer" daemon [_thread_blocked, id=9532, stack(0x0000000016730000,0x0000000016830000)]
  0x00000000025fe000 JavaThread "Reference Handler" daemon [_thread_blocked, id=13904, stack(0x0000000016630000,0x0000000016730000)]
  0x0000000002512800 JavaThread "main" [_thread_blocked, id=11268, stack(0x0000000002230000,0x0000000002330000)]

Other Threads:
=>0x0000000015ab7800 VMThread [stack: 0x0000000016530000,0x0000000016630000] [id=1964]
  0x00000000172e8000 WatcherThread [stack: 0x0000000017880000,0x0000000017980000] [id=15012]

VM state:at safepoint (normal execution)

VM Mutex/Monitor currently owned by a thread:  ([mutex/lock_event])
[0x00000000023cdb50] Threads_lock - owner thread: 0x0000000015ab7800

Heap:
 PSYoungGen      total 27648K, used 19567K [0x00000000e1580000, 0x00000000e3400000, 0x0000000100000000)
  eden space 24064K, 81% used [0x00000000e1580000,0x00000000e289bc78,0x00000000e2d00000)
  from space 3584K, 0% used [0x00000000e3080000,0x00000000e3080000,0x00000000e3400000)
  to   space 3584K, 0% used [0x00000000e2d00000,0x00000000e2d00000,0x00000000e3080000)
 ParOldGen       total 62976K, used 0K [0x00000000a4000000, 0x00000000a7d80000, 0x00000000e1580000)
  object space 62976K, 0% used [0x00000000a4000000,0x00000000a4000000,0x00000000a7d80000)
 Metaspace       used 9053K, capacity 9244K, committed 9344K, reserved 1056768K
  class space    used 998K, capacity 1056K, committed 1152K, reserved 1048576K

Card table byte_map: [0x00000000119d0000,0x0000000011cc0000] byte_map_base: 0x00000000114b0000

Marking Bits: (ParMarkBitMap*) 0x0000000067e5a5b0
 Begin Bits: [0x00000000120b0000, 0x00000000137b0000)
 End Bits:   [0x00000000137b0000, 0x0000000014eb0000)

Polling page: 0x0000000000c00000

CodeCache: size=245760Kb used=2375Kb max_used=2375Kb free=243384Kb
 bounds [0x0000000002610000, 0x0000000002880000, 0x0000000011610000]
 total_blobs=881 nmethods=472 adapters=331
 compilation: enabled

Compilation events (10 events):
Event: 5.372 Thread 0x00000000171cc800  471       3       java.awt.image.ComponentColorModel::getBlue (7 bytes)
Event: 5.373 Thread 0x00000000171cc800 nmethod 471 0x000000000285e610 code [0x000000000285e780, 0x000000000285e928]
Event: 5.373 Thread 0x00000000171cc800  467       3       java.awt.image.ComponentColorModel::getRGB (161 bytes)
Event: 5.375 Thread 0x00000000171cc800 nmethod 467 0x000000000285e9d0 code [0x000000000285ec60, 0x000000000285f538]
Event: 5.375 Thread 0x00000000171cc800  468       3       java.awt.image.ComponentColorModel::getAlpha (269 bytes)
Event: 5.379 Thread 0x00000000171cc800 nmethod 468 0x000000000285f950 code [0x000000000285fc40, 0x0000000002860d58]
Event: 5.379 Thread 0x00000000171cc800  463       1       org.eclipse.jdt.launching.internal.org.objectweb.asm.SymbolTable::getMajorVersion (5 bytes)
Event: 5.380 Thread 0x00000000171cc800 nmethod 463 0x0000000002861890 code [0x00000000028619e0, 0x0000000002861af0]
Event: 227.272 Thread 0x00000000171cc800  472       3       org.eclipse.jdt.launching.internal.org.objectweb.asm.SymbolTable::addConstantNameAndType (28 bytes)
Event: 227.274 Thread 0x00000000171cc800 nmethod 472 0x0000000002861b50 code [0x0000000002861d00, 0x00000000028621f8]

GC Heap History (0 events):
No events

Deoptimization events (0 events):
No events

Internal exceptions (9 events):
Event: 0.315 Thread 0x0000000002512800 Exception <a 'java/lang/NoSuchMethodError': Method sun.misc.Unsafe.defineClass(Ljava/lang/String;[BII)Ljava/lang/Class; name or signature does not match> (0x00000000e158d948) thrown at [C:\re\workspace\8-2-build-windows-amd64-cygwin\jdk8u60\4407\hotspot\sr—Òé/*Ô?
Event: 0.315 Thread 0x0000000002512800 Exception <a 'java/lang/NoSuchMethodError': Method sun.misc.Unsafe.prefetchRead(Ljava/lang/Object;J)V name or signature does not match> (0x00000000e158dc30) thrown at [C:\re\workspace\8-2-build-windows-amd64-cygwin\jdk8u60\4407\hotspot\src\share\vm\prims\jjl¯½‡@
Event: 2.566 Thread 0x0000000015aeb000 Exception <a 'java/security/PrivilegedActionException'> (0x00000000e1b8e8d8) thrown at [C:\re\workspace\8-2-build-windows-amd64-cygwin\jdk8u60\4407\hotspot\src\share\vm\prims\jvm.cpp, line 1386]
Event: 2.566 Thread 0x0000000015aeb000 Exception <a 'java/security/PrivilegedActionException'> (0x00000000e1b8ecd0) thrown at [C:\re\workspace\8-2-build-windows-amd64-cygwin\jdk8u60\4407\hotspot\src\share\vm\prims\jvm.cpp, line 1386]
Event: 2.570 Thread 0x0000000015aeb000 Exception <a 'java/security/PrivilegedActionException'> (0x00000000e1b92a60) thrown at [C:\re\workspace\8-2-build-windows-amd64-cygwin\jdk8u60\4407\hotspot\src\share\vm\prims\jvm.cpp, line 1386]
Event: 2.571 Thread 0x0000000015aeb000 Exception <a 'java/security/PrivilegedActionException'> (0x00000000e1b92e58) thrown at [C:\re\workspace\8-2-build-windows-amd64-cygwin\jdk8u60\4407\hotspot\src\share\vm\prims\jvm.cpp, line 1386]
Event: 2.758 Thread 0x0000000002512800 Exception <a 'java/io/FileNotFoundException'> (0x00000000e1c5d638) thrown at [C:\re\workspace\8-2-build-windows-amd64-cygwin\jdk8u60\4407\hotspot\src\share\vm\prims\jni.cpp, line 709]
Event: 2.989 Thread 0x0000000002512800 Exception <a 'java/lang/NoSuchFieldError': method resolution failed> (0x00000000e1d7d7e8) thrown at [C:\re\workspace\8-2-build-windows-amd64-cygwin\jdk8u60\4407\hotspot\src\share\vm\prims\methodHandles.cpp, line 1146]
Event: 3.032 Thread 0x0000000002512800 Exception <a 'java/lang/NoSuchFieldError': method resolution failed> (0x00000000e1d8b6e8) thrown at [C:\re\workspace\8-2-build-windows-amd64-cygwin\jdk8u60\4407\hotspot\src\share\vm\prims\methodHandles.cpp, line 1146]

Events (10 events):
Event: 227.528 Executing VM operation: EnterInterpOnlyMode done
Event: 227.528 Executing VM operation: GetCurrentLocation
Event: 227.528 Executing VM operation: GetCurrentLocation done
Event: 227.528 Executing VM operation: ChangeSingleStep
Event: 227.528 Executing VM operation: ChangeSingleStep done
Event: 227.530 Executing VM operation: GetOrSetLocal
Event: 227.530 Executing VM operation: GetOrSetLocal done
Event: 227.540 Executing VM operation: ChangeSingleStep
Event: 227.540 Executing VM operation: ChangeSingleStep done
Event: 228.949 Executing VM operation: GetOrSetLocal


Dynamic libraries:
0x00007ff703a30000 - 0x00007ff703a67000 	C:\Program Files\Java\jre1.8.0_60\bin\javaw.exe
0x00007ffe5c450000 - 0x00007ffe5c645000 	C:\WINDOWS\SYSTEM32\ntdll.dll
0x00007ffe5c0c0000 - 0x00007ffe5c17d000 	C:\WINDOWS\System32\KERNEL32.DLL
0x00007ffe59670000 - 0x00007ffe59939000 	C:\WINDOWS\System32\KERNELBASE.dll
0x00007ffe56b30000 - 0x00007ffe56bc0000 	C:\WINDOWS\SYSTEM32\apphelp.dll
0x00007ffe5ae70000 - 0x00007ffe5af1c000 	C:\WINDOWS\System32\ADVAPI32.dll
0x00007ffe5b0d0000 - 0x00007ffe5b16e000 	C:\WINDOWS\System32\msvcrt.dll
0x00007ffe5afd0000 - 0x00007ffe5b06b000 	C:\WINDOWS\System32\sechost.dll
0x00007ffe5c2e0000 - 0x00007ffe5c40a000 	C:\WINDOWS\System32\RPCRT4.dll
0x00007ffe5bc20000 - 0x00007ffe5bdc0000 	C:\WINDOWS\System32\USER32.dll
0x00007ffe59af0000 - 0x00007ffe59b12000 	C:\WINDOWS\System32\win32u.dll
0x00007ffe5c2b0000 - 0x00007ffe5c2da000 	C:\WINDOWS\System32\GDI32.dll
0x00007ffe59240000 - 0x00007ffe5934b000 	C:\WINDOWS\System32\gdi32full.dll
0x00007ffe59940000 - 0x00007ffe599dd000 	C:\WINDOWS\System32\msvcp_win.dll
0x00007ffe599e0000 - 0x00007ffe59ae0000 	C:\WINDOWS\System32\ucrtbase.dll
0x00007ffe3f310000 - 0x00007ffe3f5aa000 	C:\WINDOWS\WinSxS\amd64_microsoft.windows.common-controls_6595b64144ccf1df_6.0.19041.1110_none_60b5254171f9507e\COMCTL32.dll
0x00007ffe59cc0000 - 0x00007ffe59cf0000 	C:\WINDOWS\System32\IMM32.DLL
0x0000000068120000 - 0x00000000681f2000 	C:\Program Files\Java\jre1.8.0_60\bin\msvcr100.dll
0x0000000067650000 - 0x0000000067ed9000 	C:\Program Files\Java\jre1.8.0_60\bin\server\jvm.dll
0x00007ffe5b3d0000 - 0x00007ffe5b3d8000 	C:\WINDOWS\System32\PSAPI.DLL
0x00007ffe4d540000 - 0x00007ffe4d549000 	C:\WINDOWS\SYSTEM32\WSOCK32.dll
0x00007ffe5bbb0000 - 0x00007ffe5bc1b000 	C:\WINDOWS\System32\WS2_32.dll
0x00007ffe499e0000 - 0x00007ffe49a07000 	C:\WINDOWS\SYSTEM32\WINMM.dll
0x00007ffe4ebf0000 - 0x00007ffe4ebfa000 	C:\WINDOWS\SYSTEM32\VERSION.dll
0x0000000068cf0000 - 0x0000000068cff000 	C:\Program Files\Java\jre1.8.0_60\bin\verify.dll
0x0000000068cc0000 - 0x0000000068ce9000 	C:\Program Files\Java\jre1.8.0_60\bin\java.dll
0x0000000066a30000 - 0x0000000066a65000 	C:\Program Files\Java\jre1.8.0_60\bin\jdwp.dll
0x0000000068100000 - 0x0000000068108000 	C:\Program Files\Java\jre1.8.0_60\bin\npt.dll
0x0000000066a00000 - 0x0000000066a23000 	C:\Program Files\Java\jre1.8.0_60\bin\instrument.dll
0x0000000068ca0000 - 0x0000000068cb6000 	C:\Program Files\Java\jre1.8.0_60\bin\zip.dll
0x00007ffe5a730000 - 0x00007ffe5ae6f000 	C:\WINDOWS\System32\SHELL32.dll
0x00007ffe572f0000 - 0x00007ffe57a81000 	C:\WINDOWS\SYSTEM32\windows.storage.dll
0x00007ffe5b850000 - 0x00007ffe5bba5000 	C:\WINDOWS\System32\combase.dll
0x00007ffe58b50000 - 0x00007ffe58b7c000 	C:\WINDOWS\SYSTEM32\Wldp.dll
0x00007ffe5b170000 - 0x00007ffe5b21e000 	C:\WINDOWS\System32\SHCORE.dll
0x00007ffe5a000000 - 0x00007ffe5a055000 	C:\WINDOWS\System32\shlwapi.dll
0x00007ffe590f0000 - 0x00007ffe5910f000 	C:\WINDOWS\SYSTEM32\profapi.dll
0x00000000669f0000 - 0x00000000669f9000 	C:\Program Files\Java\jre1.8.0_60\bin\dt_socket.dll
0x00007ffe54880000 - 0x00007ffe54897000 	C:\WINDOWS\system32\napinsp.dll
0x00007ffe54860000 - 0x00007ffe5487b000 	C:\WINDOWS\system32\pnrpnsp.dll
0x00007ffe52b00000 - 0x00007ffe52b15000 	C:\WINDOWS\system32\wshbth.dll
0x00007ffe53a90000 - 0x00007ffe53aad000 	C:\WINDOWS\system32\NLAapi.dll
0x00007ffe585b0000 - 0x00007ffe585eb000 	C:\WINDOWS\SYSTEM32\IPHLPAPI.DLL
0x00007ffe588b0000 - 0x00007ffe5891a000 	C:\WINDOWS\System32\mswsock.dll
0x00007ffe585f0000 - 0x00007ffe586bc000 	C:\WINDOWS\SYSTEM32\DNSAPI.dll
0x00007ffe59cb0000 - 0x00007ffe59cb8000 	C:\WINDOWS\System32\NSI.dll
0x00007ffe52a20000 - 0x00007ffe52a32000 	C:\WINDOWS\System32\winrnr.dll
0x00007ffe51f10000 - 0x00007ffe51f8f000 	C:\WINDOWS\System32\fwpuclnt.dll
0x00007ffe595f0000 - 0x00007ffe59617000 	C:\WINDOWS\System32\bcrypt.dll
0x00007ffe51ef0000 - 0x00007ffe51efa000 	C:\Windows\System32\rasadhlp.dll
0x0000000066850000 - 0x00000000669e8000 	C:\Program Files\Java\jre1.8.0_60\bin\awt.dll
0x00007ffe5bff0000 - 0x00007ffe5c0bd000 	C:\WINDOWS\System32\OLEAUT32.dll
0x00007ffe56d20000 - 0x00007ffe56dbe000 	C:\WINDOWS\system32\uxtheme.dll
0x00007ffe5b240000 - 0x00007ffe5b355000 	C:\WINDOWS\System32\MSCTF.dll
0x00007ffe5c180000 - 0x00007ffe5c2aa000 	C:\WINDOWS\System32\ole32.dll
0x00007ffe570f0000 - 0x00007ffe57102000 	C:\WINDOWS\SYSTEM32\kernel.appcore.dll
0x00007ffe591b0000 - 0x00007ffe59233000 	C:\WINDOWS\System32\bcryptPrimitives.dll
0x00007ffe58aa0000 - 0x00007ffe58ab8000 	C:\WINDOWS\SYSTEM32\CRYPTSP.dll
0x00007ffe58260000 - 0x00007ffe58294000 	C:\WINDOWS\system32\rsaenh.dll
0x00007ffe59070000 - 0x00007ffe5909e000 	C:\WINDOWS\SYSTEM32\USERENV.dll
0x00007ffe58a90000 - 0x00007ffe58a9c000 	C:\WINDOWS\SYSTEM32\CRYPTBASE.dll
0x0000000068c80000 - 0x0000000068c9a000 	C:\Program Files\Java\jre1.8.0_60\bin\net.dll
0x00007ffe53770000 - 0x00007ffe53787000 	C:\WINDOWS\SYSTEM32\dhcpcsvc6.DLL
0x00007ffe53b40000 - 0x00007ffe53b5d000 	C:\WINDOWS\SYSTEM32\dhcpcsvc.DLL
0x0000000068c60000 - 0x0000000068c71000 	C:\Program Files\Java\jre1.8.0_60\bin\nio.dll

VM Arguments:
jvm_args: -agentlib:jdwp=transport=dt_socket,suspend=y,address=localhost:49273 -javaagent:C:\Users\Ivan\Desktop\neon\jee-2020-063\eclipse\configuration\org.eclipse.osgi\413\0\.cp\lib\javaagent-shaded.jar -Dfile.encoding=Cp1252 
java_command: juego.Juego
java_class_path (initial): C:\Users\Ivan\Desktop\Projetos\Java\Jogo\bin;C:\Users\Ivan\Desktop\Projetos\Java\Jogo\recursos;C:\Users\Ivan\Desktop\neon\jee-2020-063\eclipse\configuration\org.eclipse.osgi\413\0\.cp\lib\javaagent-shaded.jar
Launcher Type: SUN_STANDARD

Environment Variables:
JAVA_HOME=C:\Program Files\Java\jdk-13.0.1\bin;
CLASSPATH=C:\Program Files\Java\jdk-13.0.1\bin;\lib\tools.jar
PATH=C:/Program Files/Java/jre1.8.0_60/bin/server;C:/Program Files/Java/jre1.8.0_60/bin;C:/Program Files/Java/jre1.8.0_60/lib/amd64;C:\Program Files (x86)\Embarcadero\Studio\18.0\bin;C:\Users\Ivan\Documents\Embarcadero\Studio\18.0\Bpl;C:\Program Files (x86)\Embarcadero\Studio\18.0\bin64;C:\Users\Ivan\Documents\Embarcadero\Studio\18.0\Bpl\Win64;C:\Program Files (x86)\Embarcadero\Studio\20.0\bin;C:\Users\Public\Documents\Embarcadero\Studio\20.0\Bpl;C:\Program Files (x86)\Embarcadero\Studio\20.0\bin64;C:\Users\Public\Documents\Embarcadero\Studio\20.0\Bpl\Win64;C:\ProgramData\Oracle\Java\javapath;C:\Program Files (x86)\Windows Kits\10\Windows Performance Toolkit\;C:\Windows\System32;C:\WINDOWS\system32;C:\WINDOWS;C:\WINDOWS\System32\Wbem;C:\WINDOWS\System32\WindowsPowerShell\v1.0\;C:\WINDOWS\System32\OpenSSH\;C:\Program Files (x86)\ATI Technologies\ATI.ACE\Core-Static;C:\Program Files\Java\jdk1.8.0_60\bin;C:\Users\Public\Documents\Embarcadero\InterBase\redist\InterBaseXE7\IDE_spoof;C:\Program Files (x86)\Embarcadero\Studio\18.0\bin;C:\Users\Ivan\Documents\Embarcadero\Studio\18.0\Bpl;C:\Program Files (x86)\Embarcadero\Studio\18.0\bin64;C:\Users\Ivan\Documents\Embarcadero\Studio\18.0\Bpl\Win64;C:\Program Files (x86)\Embarcadero\Studio\20.0\bin;C:\Users\Public\Documents\Embarcadero\Studio\20.0\Bpl;C:\Program Files (x86)\Embarcadero\Studio\20.0\bin64;C:\Users\Public\Documents\Embarcadero\Studio\20.0\Bpl\Win64;C:\ProgramData\Oracle\Java\javapath;C:\AppServ\Apache2.2\bin;C:\AppServ\php5;C:\AppServ\MySQL\bin;C:\AppServ\Apache24\bin;C:\AppServ\php7;C:\Users\Ivan\AppData\Local\GitHubDesktop\bin;C:\Users\Ivan\AppData\Local\Microsoft\WindowsApps;;C:\Users\Ivan\Desktop;
USERNAME=Ivan
OS=Windows_NT
PROCESSOR_IDENTIFIER=AMD64 Family 20 Model 2 Stepping 0, AuthenticAMD



---------------  S Y S T E M  ---------------

OS: Windows 10.0 , 64 bit Build 19041 (10.0.19041.1023)

CPU:total 2 (2 cores per cpu, 1 threads per core) family 20 model 2 stepping 0, cmov, cx8, fxsr, mmx, sse, sse2, sse3, ssse3, popcnt, mmxext, lzcnt, sse4a, tsc, tscinvbit, tscinv

Memory: 4k page, physical 6025276k(2167172k free), swap 19656764k(11789616k free)

vm_info: Java HotSpot(TM) 64-Bit Server VM (25.60-b23) for windows-amd64 JRE (1.8.0_60-b27), built on Aug  4 2015 11:06:27 by "java_re" with MS VC++ 10.0 (VS2010)

time: Thu Sep 09 18:26:25 2021
elapsed time: 229 seconds (0d 0h 3m 49s)

